<?xml version="1.0" encoding="UTF-8"?>
<!-- Generated by org.testng.reporters.JUnitReportReporter -->
<testsuite hostname="RoundCircles-MacBook-Pro.local" failures="0" tests="3" name="chatbot.ai.ChatBotExcelTest" time="110.675" errors="0" timestamp="2025-08-28T12:26:24 IST" skipped="0">
  <testcase classname="chatbot.ai.ChatBotExcelTest" name="testSites" time="24.476"/>
  <testcase classname="chatbot.ai.ChatBotExcelTest" name="testSites" time="42.488"/>
  <testcase classname="chatbot.ai.ChatBotExcelTest" name="testSites" time="43.711"/>
</testsuite> <!-- chatbot.ai.ChatBotExcelTest -->
